<?xml version="1.0" encoding="UTF-8"?>
<!-- Generated by org.testng.reporters.JUnitReportReporter -->
<testsuite skipped="0" hostname="5CD8377X59" name="test.RightEase.testcases.com.LoginPage_rightease_Test" tests="2" failures="0" timestamp="2021-02-23T11:45:40 IST" time="29.163" errors="0">
  <testcase name="SigninTest" time="15.344" classname="test.RightEase.testcases.com.LoginPage_rightease_Test"/>
  <system-out/>
  <testcase name="LoginpageTest" time="13.819" classname="test.RightEase.testcases.com.LoginPage_rightease_Test"/>
  <system-out/>
</testsuite> <!-- test.RightEase.testcases.com.LoginPage_rightease_Test -->
