<?xml version="1.0" encoding="UTF-8"?>
<!-- Generated by org.testng.reporters.JUnitReportReporter -->
<testsuite skipped="1" hostname="5CD8377X59" name="test.RightEase.testcases.com.HomePage_rightease_Test" tests="5" failures="0" timestamp="2021-03-02T17:30:23 IST" time="8.337" errors="0">
  <testcase name="ValidatelogoTest" time="4.739" classname="test.RightEase.testcases.com.HomePage_rightease_Test"/>
  <system-out/>
  <testcase name="ClickAppointmentsShow" time="3.081" classname="test.RightEase.testcases.com.HomePage_rightease_Test"/>
  <system-out/>
  <testcase name="validateCreateNewAppointments" time="0.000" classname="test.RightEase.testcases.com.HomePage_rightease_Test">
    <skipped/>
  </testcase> <!-- validateCreateNewAppointments -->
  <system-out/>
  <testcase name="ClickFreeShow" time="0.265" classname="test.RightEase.testcases.com.HomePage_rightease_Test"/>
  <system-out/>
  <testcase name="ClickCreateAppointmentShow" time="0.252" classname="test.RightEase.testcases.com.HomePage_rightease_Test"/>
  <system-out/>
</testsuite> <!-- test.RightEase.testcases.com.HomePage_rightease_Test -->
